<?xml version="1.0"?>
<testsuite name="Chrome 54.0.2840 (Windows 10 0.0.0)" package="" timestamp="2016-11-24T07:04:05" id="0" hostname="fran0776" tests="3" errors="0" failures="0" time="0.002">
  <properties>
    <property name="browser.fullName" value="Mozilla/5.0 (Windows NT 10.0; Win64; x64) AppleWebKit/537.36 (KHTML, like Gecko) Chrome/54.0.2840.99 Safari/537.36"/>
  </properties>
  <testcase name="App should be initialized with Hallo" time="0.001" classname="App"/>
  <testcase name="App should translate Hallo correctly" time="0.001" classname="App"/>
  <testcase name="App should not translate other words" time="0" classname="App"/>
  <system-out>
    <![CDATA[
]]>
  </system-out>
  <system-err/>
</testsuite>